<?xml version="1.0" encoding="UTF-8"?>
<!-- Generated by org.testng.reporters.JUnitReportReporter -->
<testsuite hostname="DESKTOP-85MDBOU" failures="0" tests="4" name="Get_test" time="6.593" errors="0" timestamp="2022-09-04T20:22:08 IST" skipped="0">
  <testcase classname="Get_test" name="test1" time="3.518"/>
  <system-out/>
  <testcase classname="Get_test" name="test2_get" time="1.575"/>
  <system-out/>
  <testcase classname="Get_test" name="test4_put" time="0.756"/>
  <system-out/>
  <testcase classname="Get_test" name="test_post" time="0.744"/>
  <system-out/>
</testsuite> <!-- Get_test -->
