<?xml version="1.0" encoding="UTF-8"?>
<!-- Generated by org.testng.reporters.JUnitReportReporter -->
<testsuite hostname="DESKTOP-85MDBOU" failures="0" tests="3" name="Get_local_Global_DB" time="2.767" errors="0" timestamp="2022-09-05T21:04:05 IST" skipped="0">
  <testcase classname="Get_local_Global_DB" name="test1_Get" time="2.577"/>
  <system-out/>
  <testcase classname="Get_local_Global_DB" name="test2_Posttest" time="0.150"/>
  <system-out/>
  <testcase classname="Get_local_Global_DB" name="test3_get" time="0.040"/>
  <system-out/>
</testsuite> <!-- Get_local_Global_DB -->
