<?xml version="1.0" encoding="UTF-8"?>
<!-- Generated by org.testng.reporters.JUnitReportReporter -->
<testsuite hostname="DESKTOP-85MDBOU" failures="0" tests="3" name="JasonTest" time="2.786" errors="0" timestamp="2022-09-05T15:44:56 IST" skipped="0">
  <testcase classname="JasonTest" name="test2_get" time="2.631"/>
  <system-out/>
  <testcase classname="JasonTest" name="test3_post" time="0.105"/>
  <system-out/>
  <testcase classname="JasonTest" name="test5_put" time="0.050"/>
  <system-out/>
</testsuite> <!-- JasonTest -->
