<?xml version="1.0" encoding="UTF-8"?>
<!-- Generated by org.testng.reporters.JUnitReportReporter -->
<testsuite hostname="DESKTOP-85MDBOU" failures="0" tests="2" name="JsonE" time="3.081" errors="0" timestamp="2022-09-05T15:31:40 IST" skipped="0">
  <testcase classname="JsonE" name="test2_get" time="2.934"/>
  <system-out/>
  <testcase classname="JsonE" name="test_post" time="0.147"/>
  <system-out/>
</testsuite> <!-- JsonE -->
