<?xml version="1.0" encoding="UTF-8"?>
<!-- Generated by org.testng.reporters.JUnitReportReporter -->
<testsuite hostname="DESKTOP-85MDBOU" failures="0" tests="1" name="put_local_DB" time="2.786" errors="0" timestamp="2022-09-05T21:54:31 IST" skipped="0">
  <testcase classname="put_local_DB" name="test2_Posttest" time="2.786"/>
  <system-out/>
</testsuite> <!-- put_local_DB -->
